<?xml version="1.0" encoding="UTF-8"?>
<testng-results total="2" passed="0" failed="0" skipped="2">
  <reporter-output>
  </reporter-output>
  <suite started-at="2024-01-10T15:27:23Z" name="Suite1" finished-at="2024-01-10T15:27:23Z" duration-ms="43">
    <groups>
    </groups>
    <test started-at="2024-01-10T15:27:23Z" name="Command line test f81024fc-cd24-42b8-a26b-2053a8933a05" finished-at="2024-01-10T15:27:23Z" duration-ms="43">
      <class name="org.testing.TestScripts.Final_TC2">
        <test-method is-config="true" signature="browser_launch()[pri:0, instance:org.testing.TestScripts.Final_TC2@306279ee]" started-at="2024-01-10T07:27:23Z" name="browser_launch" finished-at="2024-01-10T07:27:23Z" duration-ms="0" status="FAIL">
          <exception class="java.io.FileNotFoundException">
            <message>
              <![CDATA[..\YouTube_Framework_Development\ObjectRepo.properties (The system cannot find the path specified)]]>
            </message>
            <full-stacktrace>
              <![CDATA[java.io.FileNotFoundException: ..\YouTube_Framework_Development\ObjectRepo.properties (The system cannot find the path specified)
	at java.base/java.io.FileInputStream.open0(Native Method)
	at java.base/java.io.FileInputStream.open(FileInputStream.java:216)
	at java.base/java.io.FileInputStream.<init>(FileInputStream.java:157)
	at java.base/java.io.FileReader.<init>(FileReader.java:75)
	at org.testing.Base.Base.browser_launch(Base.java:26)
	at java.base/jdk.internal.reflect.NativeMethodAccessorImpl.invoke0(Native Method)
	at java.base/jdk.internal.reflect.NativeMethodAccessorImpl.invoke(NativeMethodAccessorImpl.java:77)
	at java.base/jdk.internal.reflect.DelegatingMethodAccessorImpl.invoke(DelegatingMethodAccessorImpl.java:43)
	at java.base/java.lang.reflect.Method.invoke(Method.java:568)
	at org.testng.internal.MethodInvocationHelper.invokeMethod(MethodInvocationHelper.java:86)
	at org.testng.internal.Invoker.invokeConfigurationMethod(Invoker.java:514)
	at org.testng.internal.Invoker.invokeConfigurations(Invoker.java:215)
	at org.testng.internal.Invoker.invokeConfigurations(Invoker.java:142)
	at org.testng.internal.TestMethodWorker.invokeBeforeClassMethods(TestMethodWorker.java:178)
	at org.testng.internal.TestMethodWorker.run(TestMethodWorker.java:108)
	at org.testng.TestRunner.privateRun(TestRunner.java:782)
	at org.testng.TestRunner.run(TestRunner.java:632)
	at org.testng.SuiteRunner.runTest(SuiteRunner.java:366)
	at org.testng.SuiteRunner.runSequentially(SuiteRunner.java:361)
	at org.testng.SuiteRunner.privateRun(SuiteRunner.java:319)
	at org.testng.SuiteRunner.run(SuiteRunner.java:268)
	at org.testng.SuiteRunnerWorker.runSuite(SuiteRunnerWorker.java:52)
	at org.testng.SuiteRunnerWorker.run(SuiteRunnerWorker.java:86)
	at org.testng.TestNG.runSuitesSequentially(TestNG.java:1244)
	at org.testng.TestNG.runSuitesLocally(TestNG.java:1169)
	at org.testng.TestNG.run(TestNG.java:1064)
	at org.testing.trigger.Runner.main(Runner.java:53)
]]>
            </full-stacktrace>
          </exception> <!-- java.io.FileNotFoundException -->
          <reporter-output>
          </reporter-output>
        </test-method> <!-- browser_launch -->
        <test-method is-config="true" signature="TestCase_TC1_Login()[pri:0, instance:org.testing.TestScripts.Final_TC2@306279ee]" started-at="2024-01-10T07:27:23Z" name="TestCase_TC1_Login" finished-at="2024-01-10T07:27:23Z" duration-ms="0" status="SKIP">
          <reporter-output>
          </reporter-output>
        </test-method> <!-- TestCase_TC1_Login -->
        <test-method is-config="true" signature="TestCase_TC1_Logout()[pri:0, instance:org.testing.TestScripts.Final_TC2@306279ee]" started-at="2024-01-10T07:27:23Z" name="TestCase_TC1_Logout" finished-at="2024-01-10T07:27:23Z" duration-ms="0" status="SKIP">
          <reporter-output>
          </reporter-output>
        </test-method> <!-- TestCase_TC1_Logout -->
        <test-method is-config="true" signature="browser_close()[pri:0, instance:org.testing.TestScripts.Final_TC2@306279ee]" started-at="2024-01-10T07:27:23Z" name="browser_close" finished-at="2024-01-10T07:27:23Z" duration-ms="0" status="SKIP">
          <reporter-output>
          </reporter-output>
        </test-method> <!-- browser_close -->
        <test-method signature="Click_History()[pri:2, instance:org.testing.TestScripts.Final_TC2@306279ee]" started-at="2024-01-10T07:27:23Z" name="Click_History" finished-at="2024-01-10T07:27:23Z" duration-ms="0" status="SKIP">
          <reporter-output>
          </reporter-output>
        </test-method> <!-- Click_History -->
      </class> <!-- org.testing.TestScripts.Final_TC2 -->
      <class name="org.testing.TestScripts.Final_TC3">
        <test-method signature="Click_Subscription()[pri:3, instance:org.testing.TestScripts.Final_TC3@545997b1]" started-at="2024-01-10T07:27:23Z" name="Click_Subscription" finished-at="2024-01-10T07:27:23Z" duration-ms="0" status="SKIP">
          <reporter-output>
          </reporter-output>
        </test-method> <!-- Click_Subscription -->
        <test-method is-config="true" signature="browser_launch()[pri:0, instance:org.testing.TestScripts.Final_TC3@545997b1]" started-at="2024-01-10T07:27:23Z" name="browser_launch" finished-at="2024-01-10T07:27:23Z" duration-ms="0" status="SKIP">
          <reporter-output>
          </reporter-output>
        </test-method> <!-- browser_launch -->
        <test-method is-config="true" signature="browser_close()[pri:0, instance:org.testing.TestScripts.Final_TC3@545997b1]" started-at="2024-01-10T07:27:23Z" name="browser_close" finished-at="2024-01-10T07:27:23Z" duration-ms="0" status="SKIP">
          <reporter-output>
          </reporter-output>
        </test-method> <!-- browser_close -->
        <test-method is-config="true" signature="TestCase_TC1_Login()[pri:0, instance:org.testing.TestScripts.Final_TC3@545997b1]" started-at="2024-01-10T07:27:23Z" name="TestCase_TC1_Login" finished-at="2024-01-10T07:27:23Z" duration-ms="0" status="SKIP">
          <reporter-output>
          </reporter-output>
        </test-method> <!-- TestCase_TC1_Login -->
        <test-method is-config="true" signature="TestCase_TC1_Logout()[pri:0, instance:org.testing.TestScripts.Final_TC3@545997b1]" started-at="2024-01-10T07:27:23Z" name="TestCase_TC1_Logout" finished-at="2024-01-10T07:27:23Z" duration-ms="0" status="SKIP">
          <reporter-output>
          </reporter-output>
        </test-method> <!-- TestCase_TC1_Logout -->
      </class> <!-- org.testing.TestScripts.Final_TC3 -->
    </test> <!-- Command line test f81024fc-cd24-42b8-a26b-2053a8933a05 -->
  </suite> <!-- Suite1 -->
</testng-results>
